
--- Verificação de Funcionalidades de Backend ---
[ERRO] http://localhost:8000/api/schema/swagger/ - Status: 404
[ERRO] http://localhost:8000/api/create/ - Status: 404
[ERRO] http://localhost:8000/api/run/ - Status: 404
[ERRO] http://localhost:8000/api/show/ - Status: 404
[ERRO] http://localhost:8000/api/make/ - Status: 404
[OK] http://localhost:8000/api/schema/ - Status: 200
[OK] http://localhost:8000/api/docs/ - Status: 200
[ERRO] http://localhost:8000/api/token/ - Status: 405
[ERRO] http://localhost:8000/api/token/refresh/ - Status: 405
[ERRO] http://localhost:8000/api/token/verify/ - Status: 405
[ERRO] http://localhost:8000/api/auth/logout/ - Status: 401
[ERRO] http://localhost:8000/api/auth/me/ - Status: 401
[ERRO] http://localhost:8000/api/users/register_full/ - Status: 405
[ERRO] http://localhost:8000/api/approve/ - Status: 404
[ERRO] http://localhost:8000/api/transportador/ - Status: 404
[ERRO] http://localhost:8000/api/motorista/ - Status: 404
[ERRO] http://localhost:8000/api/borracharia/ - Status: 404
[ERRO] http://localhost:8000/api/revenda/ - Status: 404
[ERRO] http://localhost:8000/api/recapagem/ - Status: 404
[OK] http://localhost:8000/api/transportador/motorista/ - Status: 200
[OK] http://localhost:8000/api/transportador/frota/ - Status: 200
[OK] http://localhost:8000/api/transportador/pneus/ - Status: 200
[OK] http://localhost:8000/api/transportador/manutencao/ - Status: 200
[OK] http://localhost:8000/api/transportador/estoque/ - Status: 200
[OK] http://localhost:8000/api/transportador/loja/ - Status: 200
[OK] http://localhost:8000/api/transportador/custos/ - Status: 200
[OK] http://localhost:8000/api/transportador/combustivel/ - Status: 200
[OK] http://localhost:8000/api/transportador/multas/ - Status: 200
[OK] http://localhost:8000/api/transportador/documentos/ - Status: 200
[OK] http://localhost:8000/api/transportador/viagens/ - Status: 200
[OK] http://localhost:8000/api/transportador/clientes/ - Status: 200
[OK] http://localhost:8000/api/transportador/fornecedores/ - Status: 200
[OK] http://localhost:8000/api/transportador/seguros/ - Status: 200
[OK] http://localhost:8000/api/transportador/contratos/ - Status: 200
[OK] http://localhost:8000/api/transportador/faturamento/ - Status: 200
[OK] http://localhost:8000/api/transportador/pagamentos/ - Status: 200
[OK] http://localhost:8000/api/transportador/telemetria/ - Status: 200
[OK] http://localhost:8000/api/transportador/rastreamento/ - Status: 200
[OK] http://localhost:8000/api/transportador/rotas/ - Status: 200
[OK] http://localhost:8000/api/transportador/entregas/ - Status: 200
[OK] http://localhost:8000/api/transportador/dashboards/ - Status: 200
[OK] http://localhost:8000/api/transportador/notificacoes/ - Status: 200
[OK] http://localhost:8000/api/transportador/almoxarifado/ - Status: 200
[OK] http://localhost:8000/api/transportador/relatorios/ - Status: 200
[OK] http://localhost:8000/api/transportador/cargas/ - Status: 200
[OK] http://localhost:8000/api/transportador/pecas/ - Status: 200
[OK] http://localhost:8000/api/transportador/ferramentas/ - Status: 200
[OK] http://localhost:8000/api/transportador/epis/ - Status: 200
[OK] http://localhost:8000/api/transportador/treinamentos/ - Status: 200
[OK] http://localhost:8000/api/transportador/compliance/ - Status: 200
[OK] http://localhost:8000/api/transportador/alertas/ - Status: 200
[OK] http://localhost:8000/api/transportador/integracoes/ - Status: 200
[OK] http://localhost:8000/api/transportador/configuracoes/ - Status: 200
[OK] http://localhost:8000/api/transportador/empresas/ - Status: 200
[OK] http://localhost:8000/api/transportador/financeiro/ - Status: 200
[OK] http://localhost:8000/api/transportador/motorista/ - Status: 200
[OK] http://localhost:8000/api/transportador/relatorios_transportador/ - Status: 200
[OK] http://localhost:8000/api/transportador/tr/ - Status: 200
[OK] http://localhost:8000/api/transportador/implemento/ - Status: 200
[OK] http://localhost:8000/api/transportador/analise_pneus/ - Status: 200
[OK] http://localhost:8000/api/transportador/garantias/ - Status: 200
[OK] http://localhost:8000/api/transportador/auditoria/ - Status: 200
[OK] http://localhost:8000/api/transportador/notas_fiscais/ - Status: 200
[OK] http://localhost:8000/api/transportador/ia/ - Status: 200
[ERRO] http://localhost:8000/api/reports/ - Status: 404
[ERRO] http://localhost:8000/api/jobs/ - Status: 404
